0 info it worked if it ends with ok
1 verbose cli [ '/Users/HEDWIN/.nvm/versions/node/v7.4.0/bin/node',
1 verbose cli   '/Users/HEDWIN/.nvm/versions/node/v7.4.0/bin/npm',
1 verbose cli   'start' ]
2 info using npm@4.0.5
3 info using node@v7.4.0
4 verbose run-script [ 'prestart', 'start', 'poststart' ]
5 info lifecycle bgsensor@1.0.0~prestart: bgsensor@1.0.0
6 silly lifecycle bgsensor@1.0.0~prestart: no script for prestart, continuing
7 info lifecycle bgsensor@1.0.0~start: bgsensor@1.0.0
8 verbose lifecycle bgsensor@1.0.0~start: unsafe-perm in lifecycle true
9 verbose lifecycle bgsensor@1.0.0~start: PATH: /Users/HEDWIN/.nvm/versions/node/v7.4.0/lib/node_modules/npm/bin/node-gyp-bin:/Users/HEDWIN/Documents/Code/bgsensor/node_modules/.bin:/Library/Frameworks/Python.framework/Versions/3.5/bin:/usr/local/sbin:/Users/HEDWIN/.rvm/gems/ruby-2.2.1/bin:/Users/HEDWIN/.rvm/gems/ruby-2.2.1@global/bin:/Users/HEDWIN/.rvm/rubies/ruby-2.2.1/bin:/usr/local/var/rbenv/shims:/Users/HEDWIN/.nvm/versions/node/v7.4.0/bin:/Users/HEDWIN/.rbenv/bin:/Users/HEDWIN/.dnx/runtimes/dnx-mono.1.0.0-beta7/bin:/Users/HEDWIN/.dnx/bin:/Users/HEDWIN/.cargo/bin:/usr/local/git/bin:/usr/local/bin:/usr/local/bin:/usr/bin:/bin:/usr/sbin:/sbin:/opt/X11/bin:/usr/local/git/bin:/Users/HEDWIN/.rvm/bin:/Users/HEDWIN/Library/Android/sdk//tools:/Users/HEDWIN/Library/Android/sdk//platform-tools:/Users/HEDWIN/.ftppass
10 verbose lifecycle bgsensor@1.0.0~start: CWD: /Users/HEDWIN/Documents/Code/bgsensor
11 silly lifecycle bgsensor@1.0.0~start: Args: [ '-c', 'node server.js' ]
12 silly lifecycle bgsensor@1.0.0~start: Returned: code: 1  signal: null
13 info lifecycle bgsensor@1.0.0~start: Failed to exec start script
14 verbose stack Error: bgsensor@1.0.0 start: `node server.js`
14 verbose stack Exit status 1
14 verbose stack     at EventEmitter.<anonymous> (/Users/HEDWIN/.nvm/versions/node/v7.4.0/lib/node_modules/npm/lib/utils/lifecycle.js:279:16)
14 verbose stack     at emitTwo (events.js:106:13)
14 verbose stack     at EventEmitter.emit (events.js:191:7)
14 verbose stack     at ChildProcess.<anonymous> (/Users/HEDWIN/.nvm/versions/node/v7.4.0/lib/node_modules/npm/lib/utils/spawn.js:40:14)
14 verbose stack     at emitTwo (events.js:106:13)
14 verbose stack     at ChildProcess.emit (events.js:191:7)
14 verbose stack     at maybeClose (internal/child_process.js:885:16)
14 verbose stack     at Process.ChildProcess._handle.onexit (internal/child_process.js:226:5)
15 verbose pkgid bgsensor@1.0.0
16 verbose cwd /Users/HEDWIN/Documents/Code/bgsensor
17 error Darwin 16.4.0
18 error argv "/Users/HEDWIN/.nvm/versions/node/v7.4.0/bin/node" "/Users/HEDWIN/.nvm/versions/node/v7.4.0/bin/npm" "start"
19 error node v7.4.0
20 error npm  v4.0.5
21 error code ELIFECYCLE
22 error bgsensor@1.0.0 start: `node server.js`
22 error Exit status 1
23 error Failed at the bgsensor@1.0.0 start script 'node server.js'.
23 error Make sure you have the latest version of node.js and npm installed.
23 error If you do, this is most likely a problem with the bgsensor package,
23 error not with npm itself.
23 error Tell the author that this fails on your system:
23 error     node server.js
23 error You can get information on how to open an issue for this project with:
23 error     npm bugs bgsensor
23 error Or if that isn't available, you can get their info via:
23 error     npm owner ls bgsensor
23 error There is likely additional logging output above.
24 verbose exit [ 1, true ]
